Thu Mar 27 13:17:07 UTC 2025
Fri Mar 28 13:16:14 UTC 2025
Sat Mar 29 13:03:04 UTC 2025
Sun Mar 30 13:02:42 UTC 2025
Mon Mar 31 13:34:23 UTC 2025
Tue Apr  1 13:36:17 UTC 2025
Wed Apr  2 13:33:58 UTC 2025
Thu Apr  3 13:18:20 UTC 2025
Fri Apr  4 13:17:37 UTC 2025
Sat Apr  5 13:02:09 UTC 2025
Sun Apr  6 13:02:33 UTC 2025
Mon Apr  7 13:35:46 UTC 2025
Tue Apr  8 13:35:05 UTC 2025
Wed Apr  9 13:37:36 UTC 2025
Thu Apr 10 13:34:36 UTC 2025
Fri Apr 11 13:18:05 UTC 2025
Sat Apr 12 13:02:24 UTC 2025
Sun Apr 13 13:03:54 UTC 2025
Mon Apr 14 13:36:23 UTC 2025
Tue Apr 15 13:36:19 UTC 2025
Wed Apr 16 13:35:11 UTC 2025
Thu Apr 17 13:33:49 UTC 2025
Fri Apr 18 13:15:34 UTC 2025
Sat Apr 19 13:02:39 UTC 2025
Sun Apr 20 13:14:07 UTC 2025
Mon Apr 21 13:17:33 UTC 2025
Tue Apr 22 13:35:02 UTC 2025
Wed Apr 23 13:36:03 UTC 2025
Thu Apr 24 13:36:40 UTC 2025
Fri Apr 25 13:33:32 UTC 2025
Sat Apr 26 13:04:07 UTC 2025
Sun Apr 27 12:33:23 UTC 2025
Mon Apr 28 12:39:54 UTC 2025
Tue Apr 29 12:39:42 UTC 2025
Wed Apr 30 12:36:55 UTC 2025
Thu May  1 12:36:32 UTC 2025
Fri May  2 12:36:44 UTC 2025
Sat May  3 12:34:10 UTC 2025
Sun May  4 12:34:50 UTC 2025
